<?xml version="1.0" encoding="UTF-8"?>
<testsuite name="MeetupTest" tests="95" skipped="0" failures="0" errors="0" timestamp="2019-07-11T08:29:39" hostname="Interns-MacBook-Pro-02.local" time="0.144">
  <properties/>
  <testcase name="testLastThursdayOfOctober2013" classname="MeetupTest" time="0.025"/>
  <testcase name="testSecondFridayOfDecember2013" classname="MeetupTest" time="0.005"/>
  <testcase name="testFourthFridayOfDecember2013" classname="MeetupTest" time="0.007"/>
  <testcase name="testFriteenthOfAugust2013" classname="MeetupTest" time="0.002"/>
  <testcase name="testSecondSaturdayOfJanuary2013" classname="MeetupTest" time="0.002"/>
  <testcase name="testLastWednesdayOfJuly2013" classname="MeetupTest" time="0.001"/>
  <testcase name="testLastThursdayOfSeptember2013" classname="MeetupTest" time="0.001"/>
  <testcase name="testFirstThursdayOfSeptember2013" classname="MeetupTest" time="0.001"/>
  <testcase name="testFourthSundayOfApril2013" classname="MeetupTest" time="0.006"/>
  <testcase name="testSaturteenthOfApril2013" classname="MeetupTest" time="0.0"/>
  <testcase name="testSecondSundayOfApril2013" classname="MeetupTest" time="0.002"/>
  <testcase name="testLastWednesdayOfAugust2013" classname="MeetupTest" time="0.0"/>
  <testcase name="testFirstFridayOfDecember2012" classname="MeetupTest" time="0.002"/>
  <testcase name="testFirstFridayOfDecember2013" classname="MeetupTest" time="0.001"/>
  <testcase name="testMonteenthOfSeptember2013" classname="MeetupTest" time="0.001"/>
  <testcase name="testWednesteenthOfJanuary2013" classname="MeetupTest" time="0.001"/>
  <testcase name="testSecondSaturdayOfFebruary2013" classname="MeetupTest" time="0.001"/>
  <testcase name="testSecondThursdayOfOctober2013" classname="MeetupTest" time="0.002"/>
  <testcase name="testFirstTuesdayOfJune2013" classname="MeetupTest" time="0.0"/>
  <testcase name="testSecondFridayOfNovember2013" classname="MeetupTest" time="0.002"/>
  <testcase name="testLastWednesdayOfFebruary2012" classname="MeetupTest" time="0.0"/>
  <testcase name="testFirstMondayOfMarch2013" classname="MeetupTest" time="0.001"/>
  <testcase name="testFourthFridayOfNovember2013" classname="MeetupTest" time="0.004"/>
  <testcase name="testTuesteenthOfMarch2013" classname="MeetupTest" time="0.001"/>
  <testcase name="testWednesteenthOfJune2013" classname="MeetupTest" time="0.001"/>
  <testcase name="testFourthSaturdayOfJanuary2013" classname="MeetupTest" time="0.003"/>
  <testcase name="testThirdTuesdayOfJune2013" classname="MeetupTest" time="0.003"/>
  <testcase name="testSaturteenthOfFebruary2013" classname="MeetupTest" time="0.0"/>
  <testcase name="testSecondWednesdayOfAugust2013" classname="MeetupTest" time="0.001"/>
  <testcase name="testThirdMondayOfMarch2013" classname="MeetupTest" time="0.003"/>
  <testcase name="testMonteenthOfMay2013" classname="MeetupTest" time="0.0"/>
  <testcase name="testFirstFridayOfNovember2013" classname="MeetupTest" time="0.0"/>
  <testcase name="testSecondThursdayOfSeptember2013" classname="MeetupTest" time="0.001"/>
  <testcase name="testThursteenthOfMay2013" classname="MeetupTest" time="0.001"/>
  <testcase name="testLastTuesdayOfJune2013" classname="MeetupTest" time="0.001"/>
  <testcase name="testFirstSundayOfMarch2013" classname="MeetupTest" time="0.0"/>
  <testcase name="testFirstMondayOfApril2013" classname="MeetupTest" time="0.001"/>
  <testcase name="testSunteenthOfOctober2013" classname="MeetupTest" time="0.0"/>
  <testcase name="testTuesteenthOfApril2013" classname="MeetupTest" time="0.0"/>
  <testcase name="testLastSundayOfFebruary2015" classname="MeetupTest" time="0.001"/>
  <testcase name="testLastMondayOfMarch2013" classname="MeetupTest" time="0.001"/>
  <testcase name="testLastSaturdayOfFebruary2013" classname="MeetupTest" time="0.001"/>
  <testcase name="testFourthThursdayOfOctober2013" classname="MeetupTest" time="0.002"/>
  <testcase name="testThirdFridayOfDecember2013" classname="MeetupTest" time="0.002"/>
  <testcase name="testFirstWednesdayOfJuly2013" classname="MeetupTest" time="0.001"/>
  <testcase name="testFirstSaturdayOfJanuary2013" classname="MeetupTest" time="0.001"/>
  <testcase name="testLastWednesdayOfDecember2014" classname="MeetupTest" time="0.0"/>
  <testcase name="testFourthWednesdayOfJuly2013" classname="MeetupTest" time="0.003"/>
  <testcase name="testThirdSaturdayOfJanuary2013" classname="MeetupTest" time="0.002"/>
  <testcase name="testThirdSundayOfMarch2013" classname="MeetupTest" time="0.001"/>
  <testcase name="testThirdMondayOfApril2013" classname="MeetupTest" time="0.002"/>
  <testcase name="testWednesteenthOfFebruary2013" classname="MeetupTest" time="0.0"/>
  <testcase name="testFriteenthOfApril2013" classname="MeetupTest" time="0.001"/>
  <testcase name="testFriteenthOfSeptember2013" classname="MeetupTest" time="0.0"/>
  <testcase name="testSecondTuesdayOfMay2013" classname="MeetupTest" time="0.001"/>
  <testcase name="testFourthWednesdayOfAugust2013" classname="MeetupTest" time="0.003"/>
  <testcase name="testLastTuesdayOfMay2013" classname="MeetupTest" time="0.0"/>
  <testcase name="testFirstSundayOfApril2013" classname="MeetupTest" time="0.001"/>
  <testcase name="testSunteenthOfJune2013" classname="MeetupTest" time="0.0"/>
  <testcase name="testLastSundayOfMarch2013" classname="MeetupTest" time="0.001"/>
  <testcase name="testLastMondayOfApril2013" classname="MeetupTest" time="0.0"/>
  <testcase name="testThirdSaturdayOfFebruary2013" classname="MeetupTest" time="0.001"/>
  <testcase name="testFirstThursdayOfOctober2013" classname="MeetupTest" time="0.001"/>
  <testcase name="testSecondWednesdayOfJuly2013" classname="MeetupTest" time="0.001"/>
  <testcase name="testLastFridayOfDecember2013" classname="MeetupTest" time="0.0"/>
  <testcase name="testThirdThursdayOfOctober2013" classname="MeetupTest" time="0.001"/>
  <testcase name="testThirdTuesdayOfMay2013" classname="MeetupTest" time="0.001"/>
  <testcase name="testThursteenthOfSeptember2013" classname="MeetupTest" time="0.001"/>
  <testcase name="testMonteenthOfAugust2013" classname="MeetupTest" time="0.0"/>
  <testcase name="testFourthTuesdayOfJune2013" classname="MeetupTest" time="0.002"/>
  <testcase name="testThirdSundayOfApril2013" classname="MeetupTest" time="0.001"/>
  <testcase name="testThirdThursdayOfSeptember2013" classname="MeetupTest" time="0.001"/>
  <testcase name="testSecondTuesdayOfJune2013" classname="MeetupTest" time="0.001"/>
  <testcase name="testThirdWednesdayOfJuly2013" classname="MeetupTest" time="0.001"/>
  <testcase name="testThirdFridayOfNovember2013" classname="MeetupTest" time="0.001"/>
  <testcase name="testFourthMondayOfMarch2013" classname="MeetupTest" time="0.002"/>
  <testcase name="testSecondMondayOfMarch2013" classname="MeetupTest" time="0.001"/>
  <testcase name="testThursteenthOfJune2013" classname="MeetupTest" time="0.0"/>
  <testcase name="testFirstWednesdayOfAugust2013" classname="MeetupTest" time="0.0"/>
  <testcase name="testFirstSaturdayOfFebruary2013" classname="MeetupTest" time="0.0"/>
  <testcase name="testFourthTuesdayOfMay2013" classname="MeetupTest" time="0.001"/>
  <testcase name="testThirdWednesdayOfAugust2013" classname="MeetupTest" time="0.001"/>
  <testcase name="testFourthThursdayOfSeptember2013" classname="MeetupTest" time="0.002"/>
  <testcase name="testLastSundayOfApril2013" classname="MeetupTest" time="0.0"/>
  <testcase name="testLastSaturdayOfJanuary2013" classname="MeetupTest" time="0.001"/>
  <testcase name="testSunteenthOfMay2013" classname="MeetupTest" time="0.0"/>
  <testcase name="testSaturteenthOfOctober2013" classname="MeetupTest" time="0.0"/>
  <testcase name="testFourthSundayOfMarch2013" classname="MeetupTest" time="0.001"/>
  <testcase name="testFourthMondayOfApril2013" classname="MeetupTest" time="0.002"/>
  <testcase name="testSecondSundayOfMarch2013" classname="MeetupTest" time="0.0"/>
  <testcase name="testSecondMondayOfApril2013" classname="MeetupTest" time="0.0"/>
  <testcase name="testLastFridayOfNovember2013" classname="MeetupTest" time="0.0"/>
  <testcase name="testFirstTuesdayOfMay2013" classname="MeetupTest" time="0.0"/>
  <testcase name="testFourthSaturdayOfFebruary2013" classname="MeetupTest" time="0.001"/>
  <testcase name="testTuesteenthOfAugust2013" classname="MeetupTest" time="0.0"/>
  <system-out><![CDATA[]]></system-out>
  <system-err><![CDATA[]]></system-err>
</testsuite>
